May-23 23:43:58.798 [main] DEBUG nextflow.cli.Launcher - $> /home/evoxtorm/nextflow run twomappersnf.nf
May-23 23:43:59.031 [main] INFO  nextflow.cli.CmdRun - N E X T F L O W  ~  version 0.29.0
May-23 23:43:59.052 [main] INFO  nextflow.cli.CmdRun - Launching `twomappersnf.nf` [silly_hilbert] - revision: 809ec62728
May-23 23:43:59.266 [main] DEBUG nextflow.Session - Session uuid: 88164114-b95f-4b9a-8070-f26635d68f66
May-23 23:43:59.267 [main] DEBUG nextflow.Session - Run name: silly_hilbert
May-23 23:43:59.273 [main] DEBUG nextflow.Session - Executor pool size: 4
May-23 23:43:59.297 [main] DEBUG nextflow.cli.CmdRun - 
  Version: 0.29.0 build 4803
  Modified: 24-04-2018 08:09 UTC (13:39 IDT)
  System: Linux 4.15.0-21-generic
  Runtime: Groovy 2.4.15 on Java HotSpot(TM) 64-Bit Server VM 1.8.0_171-b11
  Encoding: UTF-8 (UTF-8)
  Process: 14334@evoxtorm-Inspiron-3542 [127.0.1.1]
  CPUs: 4 - Mem: 3.8 GB (203.2 MB) - Swap: 2 GB (1.9 GB)
May-23 23:43:59.473 [main] DEBUG nextflow.file.FileHelper - Can't check if specified path is NFS (1): /home/evoxtorm/Desktop/watermill_examples/nextflow tutorial/work

May-23 23:43:59.473 [main] DEBUG nextflow.Session - Work-dir: /home/evoxtorm/Desktop/watermill_examples/nextflow tutorial/work [null]
May-23 23:43:59.474 [main] DEBUG nextflow.Session - Script base path does not exist or is not a directory: /home/evoxtorm/Desktop/watermill_examples/nextflow tutorial/bin
May-23 23:43:59.684 [main] DEBUG nextflow.Session - Session start invoked
May-23 23:43:59.700 [main] DEBUG nextflow.processor.TaskDispatcher - Dispatcher > start
May-23 23:43:59.701 [main] DEBUG nextflow.script.ScriptRunner - > Script parsing
May-23 23:44:00.272 [main] DEBUG nextflow.script.ScriptRunner - > Launching execution
May-23 23:44:00.450 [main] DEBUG nextflow.processor.ProcessFactory - << taskConfig executor: null
May-23 23:44:00.451 [main] DEBUG nextflow.processor.ProcessFactory - >> processorType: 'local'
May-23 23:44:00.465 [main] DEBUG nextflow.executor.Executor - Initializing executor: local
May-23 23:44:00.470 [main] INFO  nextflow.executor.Executor - [warm up] executor > local
May-23 23:44:00.480 [main] DEBUG n.processor.LocalPollingMonitor - Creating local task monitor for executor 'local' > cpus=4; memory=3.8 GB; capacity=4; pollInterval=100ms; dumpInterval=5m
May-23 23:44:00.491 [main] DEBUG nextflow.processor.TaskDispatcher - Starting monitor: LocalPollingMonitor
May-23 23:44:00.493 [main] DEBUG n.processor.TaskPollingMonitor - >>> barrier register (monitor: local)
May-23 23:44:00.497 [main] DEBUG nextflow.executor.Executor - Invoke register for executor: local
May-23 23:44:00.649 [main] DEBUG nextflow.Session - >>> barrier register (process: downloadReference)
May-23 23:44:00.656 [main] DEBUG nextflow.processor.TaskProcessor - Creating operator > downloadReference -- maxForks: 4
May-23 23:44:01.052 [main] DEBUG nextflow.processor.ProcessFactory - << taskConfig executor: null
May-23 23:44:01.053 [main] DEBUG nextflow.processor.ProcessFactory - >> processorType: 'local'
May-23 23:44:01.053 [main] DEBUG nextflow.executor.Executor - Initializing executor: local
May-23 23:44:01.061 [main] DEBUG nextflow.Session - >>> barrier register (process: downloadSRA)
May-23 23:44:01.062 [main] DEBUG nextflow.processor.TaskProcessor - Creating operator > downloadSRA -- maxForks: 4
May-23 23:44:01.075 [main] DEBUG nextflow.processor.ProcessFactory - << taskConfig executor: null
May-23 23:44:01.077 [main] DEBUG nextflow.processor.ProcessFactory - >> processorType: 'local'
May-23 23:44:01.078 [main] DEBUG nextflow.executor.Executor - Initializing executor: local
May-23 23:44:01.080 [main] DEBUG nextflow.Session - >>> barrier register (process: fastaqDump)
May-23 23:44:01.094 [main] DEBUG nextflow.processor.TaskProcessor - Creating operator > fastaqDump -- maxForks: 4
May-23 23:44:01.111 [main] DEBUG nextflow.processor.ProcessFactory - << taskConfig executor: null
May-23 23:44:01.112 [main] DEBUG nextflow.processor.ProcessFactory - >> processorType: 'local'
May-23 23:44:01.113 [main] DEBUG nextflow.executor.Executor - Initializing executor: local
May-23 23:44:01.114 [main] DEBUG nextflow.Session - >>> barrier register (process: gunzipit)
May-23 23:44:01.115 [main] DEBUG nextflow.processor.TaskProcessor - Creating operator > gunzipit -- maxForks: 4
May-23 23:44:01.118 [main] DEBUG nextflow.script.ScriptRunner - > Await termination 
May-23 23:44:01.128 [main] DEBUG nextflow.Session - Session await
May-23 23:44:01.203 [Task submitter] WARN  nextflow.executor.BashWrapperBuilder - Process `downloadReference (1)` uses an executable container -- This feature has been deprecated and will be removed in a future release
May-23 23:44:01.260 [Task submitter] DEBUG nextflow.executor.LocalTaskHandler - Launch cmd line: /bin/bash -ue .command.run
May-23 23:44:01.269 [Task submitter] INFO  nextflow.Session - [c9/8a69bf] Submitted process > downloadReference (1)
May-23 23:44:01.326 [Task submitter] DEBUG nextflow.executor.LocalTaskHandler - Launch cmd line: /bin/bash -ue .command.run
May-23 23:44:01.327 [Task submitter] INFO  nextflow.Session - [93/f1b1e3] Submitted process > downloadSRA (1)
May-23 23:44:07.905 [Task monitor] DEBUG n.processor.TaskPollingMonitor - Task completed > TaskHandler[id: 1; name: downloadReference (1); status: COMPLETED; exit: 0; error: -; workDir: /home/evoxtorm/Desktop/watermill_examples/nextflow tutorial/work/c9/8a69bf873250b358adce0635b44805]
May-23 23:44:07.950 [Actor Thread 2] DEBUG nextflow.Session - <<< barrier arrive (process: downloadReference)
May-23 23:44:07.972 [Task submitter] DEBUG nextflow.executor.LocalTaskHandler - Launch cmd line: /bin/bash -ue .command.run
May-23 23:44:07.976 [Task submitter] INFO  nextflow.Session - [f9/22df49] Submitted process > gunzipit (1)
May-23 23:44:08.058 [Task monitor] DEBUG n.processor.TaskPollingMonitor - Task completed > TaskHandler[id: 3; name: gunzipit (1); status: COMPLETED; exit: 127; error: -; workDir: /home/evoxtorm/Desktop/watermill_examples/nextflow tutorial/work/f9/22df4922f3d0a713efc43ae7085309]
May-23 23:44:08.125 [Task monitor] ERROR nextflow.processor.TaskProcessor - Error executing process > 'gunzipit (1)'

Caused by:
  Process `gunzipit (1)` terminated with an error exit status (127)

Command executed:

  bgzip -d reference.genomic.fna.gz --stdout > reference.genomic.fna

Command exit status:
  127

Command output:
  (empty)

Command error:
  .command.sh: line 2: bgzip: command not found

Work dir:
  /home/evoxtorm/Desktop/watermill_examples/nextflow tutorial/work/f9/22df4922f3d0a713efc43ae7085309

Tip: view the complete command output by changing to the process work dir and entering the command `cat .command.out`
May-23 23:44:08.130 [Actor Thread 9] DEBUG nextflow.Session - <<< barrier arrive (process: gunzipit)
May-23 23:44:08.132 [Task monitor] DEBUG nextflow.Session - Session aborted -- Cause: Process `gunzipit (1)` terminated with an error exit status (127)
May-23 23:44:08.173 [Task monitor] DEBUG nextflow.Session - The following nodes are still active:
[process] fastaqDump
  status=ACTIVE
  port 0: (queue) OPEN; channel: read
  port 1: (cntrl) OPEN; channel: $

May-23 23:44:08.180 [main] DEBUG nextflow.Session - Session await > all process finished
May-23 23:44:08.180 [main] DEBUG nextflow.Session - Session await > all barriers passed
May-23 23:44:08.196 [Task monitor] DEBUG n.processor.TaskPollingMonitor - <<< barrier arrives (monitor: local)
May-23 23:44:08.206 [main] WARN  n.processor.TaskPollingMonitor - Killing pending tasks (1)
May-23 23:44:08.233 [main] DEBUG nextflow.trace.StatsObserver - Workflow completed > WorkflowStats[succeedCount=1; failedCount=2; ignoredCount=0; cachedCount=0; succeedDuration=6.5s; failedDuration=2ms; cachedDuration=0ms]
May-23 23:44:08.251 [main] DEBUG nextflow.CacheDB - Closing CacheDB done
May-23 23:44:08.275 [main] DEBUG nextflow.script.ScriptRunner - > Execution complete -- Goodbye
